<?xml version="1.0" encoding="UTF-8"?>
<!-- Generated by org.testng.reporters.JUnitReportReporter -->
<testsuite hostname="DESKTOP-G2ILDEI" failures="0" tests="12" name="Runner.TestRunner" time="217.321" errors="0" timestamp="2022-05-08T15:29:47 EET" skipped="0">
  <testcase classname="Runner.TestRunner" name="runScenario" time="15.177"/>
  <system-out/>
  <testcase classname="Runner.TestRunner" name="runScenario" time="11.522"/>
  <system-out/>
  <testcase classname="Runner.TestRunner" name="runScenario" time="9.297"/>
  <system-out/>
  <testcase classname="Runner.TestRunner" name="runScenario" time="9.597"/>
  <system-out/>
  <testcase classname="Runner.TestRunner" name="runScenario" time="8.170"/>
  <system-out/>
  <testcase classname="Runner.TestRunner" name="runScenario" time="13.340"/>
  <system-out/>
  <testcase classname="Runner.TestRunner" name="runScenario" time="29.257"/>
  <system-out/>
  <testcase classname="Runner.TestRunner" name="runScenario" time="9.600"/>
  <system-out/>
  <testcase classname="Runner.TestRunner" name="runScenario" time="32.143"/>
  <system-out/>
  <testcase classname="Runner.TestRunner" name="runScenario" time="37.532"/>
  <system-out/>
  <testcase classname="Runner.TestRunner" name="runScenario" time="10.756"/>
  <system-out/>
  <testcase classname="Runner.TestRunner" name="runScenario" time="30.930"/>
  <system-out/>
</testsuite> <!-- Runner.TestRunner -->
